<?xml version="1.0" encoding="UTF-8"?>
<!-- Generated by org.testng.reporters.JUnitReportReporter -->
<testsuite hostname="DESKTOP-M4KLDC2" failures="0" tests="1" name="amazon.IphonePrice" time="105.115" errors="0" timestamp="2025-07-19T10:14:25 IST" skipped="0">
  <testcase classname="amazon.IphonePrice" name="IphoneSearch" time="105.115"/>
  <system-out/>
</testsuite> <!-- amazon.IphonePrice -->
