<?xml version="1.0" encoding="UTF-8"?>
<!-- Generated by org.testng.reporters.JUnitReportReporter -->
<testsuite hostname="DESKTOP-QT2C9RG" failures="0" tests="1" name="amazon.AddToCart" time="27.918" errors="0" timestamp="2025-04-11T12:04:18 IST" skipped="0">
  <testcase classname="amazon.AddToCart" name="GalaxySearch" time="27.918"/>
</testsuite> <!-- amazon.AddToCart -->
